Info: Nothing to build for Lab 2.3.6
Info: Nothing to build for Lab 2.3.6
10:02:55 **** Incremental Build of configuration Debug for project Lab 2.3.6 ****
Info: Internal Builder is used for build
g++ -O0 -g3 -Wall -c -fmessage-length=0 -o "src\\Lab 2.3.6.o" "..\\src\\Lab 2.3.6.cpp" 
g++ -o "Lab 2.3.6.exe" "src\\Lab 2.3.6.o" 
Info: Nothing to build for Lab 2.3.6
10:03:29 **** Incremental Build of configuration Debug for project Lab 2.3.6 ****
Info: Internal Builder is used for build
g++ -O0 -g3 -Wall -c -fmessage-length=0 -o "src\\Lab 2.3.6.o" "..\\src\\Lab 2.3.6.cpp" 
g++ -o "Lab 2.3.6.exe" "src\\Lab 2.3.6.o" 
Info: Nothing to build for Lab 2.3.6
10:03:47 **** Incremental Build of configuration Debug for project Lab 2.3.6 ****
Info: Internal Builder is used for build
g++ -O0 -g3 -Wall -c -fmessage-length=0 -o "src\\Lab 2.3.6.o" "..\\src\\Lab 2.3.6.cpp" 
g++ -o "Lab 2.3.6.exe" "src\\Lab 2.3.6.o" 
Info: Nothing to build for Lab 2.3.6
10:04:27 **** Incremental Build of configuration Debug for project Lab 2.3.6 ****
Info: Internal Builder is used for build
g++ -O0 -g3 -Wall -c -fmessage-length=0 -o "src\\Lab 2.3.6.o" "..\\src\\Lab 2.3.6.cpp" 
g++ -o "Lab 2.3.6.exe" "src\\Lab 2.3.6.o" 
Info: Nothing to build for Lab 2.3.6
